<?xml version="1.0" encoding="UTF-8"?>
<!-- Generated by org.testng.reporters.JUnitReportReporter -->
<testsuite hostname="TYSS-Sunil" failures="0" tests="1" name="testng.Module_4" time="10.734" errors="0" timestamp="2023-09-01T14:05:03 IST" skipped="0">
  <testcase classname="testng.Module_4" name="TestCase_1" time="10.734"/>
</testsuite> <!-- testng.Module_4 -->
