<?xml version="1.0" encoding="UTF-8"?>
<!-- Generated by org.testng.reporters.JUnitReportReporter -->
<testsuite hostname="TYSS-Sunil" failures="0" tests="2" name="parallelexecution.Body" time="7.742" errors="0" timestamp="2023-09-01T17:55:27 IST" skipped="0">
  <testcase classname="parallelexecution.Body" name="TestCase_1" time="5.287"/>
  <testcase classname="parallelexecution.Body" name="TestCase_1" time="2.455"/>
</testsuite> <!-- parallelexecution.Body -->
