<?xml version="1.0" encoding="UTF-8"?>
<!-- Generated by org.testng.reporters.JUnitReportReporter -->
<testsuite hostname="TYSS-Sunil" failures="0" tests="1" name="testng.Module_2" time="0.001" errors="0" timestamp="2023-09-01T13:50:40 IST" skipped="0">
  <testcase classname="testng.Module_2" name="TestCase_3" time="0.001"/>
</testsuite> <!-- testng.Module_2 -->
