<?xml version="1.0" encoding="UTF-8"?>
<!-- Generated by org.testng.reporters.JUnitReportReporter -->
<testsuite hostname="TYSS-Sunil" failures="0" tests="8" name="testng.Module_1" time="0.035" errors="0" timestamp="2023-09-01T17:47:05 IST" skipped="0">
  <testcase classname="testng.Module_1" name="TestCase_4" time="0.007"/>
  <testcase classname="testng.Module_1" name="TestCase_4" time="0.002"/>
  <testcase classname="testng.Module_1" name="TestCase_1" time="0.005"/>
  <testcase classname="testng.Module_1" name="TestCase_3" time="0.003"/>
  <testcase classname="testng.Module_1" name="TestCase_1" time="0.007"/>
  <testcase classname="testng.Module_1" name="TestCase_3" time="0.001"/>
  <testcase classname="testng.Module_1" name="TestCase_2" time="0.002"/>
  <testcase classname="testng.Module_1" name="TestCase_2" time="0.008"/>
</testsuite> <!-- testng.Module_1 -->
