<?xml version="1.0" encoding="UTF-8"?>
<!-- Generated by org.testng.reporters.JUnitReportReporter -->
<testsuite hostname="TYSS-Sunil" failures="0" tests="2" name="testng.Module_5" time="16.327" errors="0" timestamp="2023-09-01T14:24:02 IST" skipped="0">
  <testcase classname="testng.Module_5" name="TestCase_1" time="8.919"/>
  <testcase classname="testng.Module_5" name="TestCase_1" time="7.408"/>
</testsuite> <!-- testng.Module_5 -->
