<?xml version="1.0" encoding="UTF-8"?>
<!-- Generated by org.testng.reporters.JUnitReportReporter -->
<testsuite hostname="TYSS-Sunil" failures="0" tests="4" name="testng.Module_3" time="0.008" errors="0" timestamp="2023-09-01T13:56:41 IST" skipped="1">
  <testcase classname="testng.Module_3" name="TestCase_3" time="0.006"/>
  <testcase classname="testng.Module_3" name="TestCase_1" time="0.001"/>
  <testcase classname="testng.Module_3" name="TestCase_4" time="0.001"/>
  <testcase classname="testng.Module_3" name="TestCase_2">
    <skipped/>
  </testcase> <!-- TestCase_2 -->
</testsuite> <!-- testng.Module_3 -->
